Resolving dependencies...
Downloading packages...
  characters 1.4.0 (1.4.1 available)
  crypto 3.0.6 (3.0.7 available)
  csv 5.1.1 (6.0.0 available)
  flutter_lints 3.0.2 (6.0.0 available)
  go_router 12.1.3 (17.0.0 available)
  http 1.5.0 (1.6.0 available)
  intl 0.18.1 (0.20.2 available)
  lints 3.0.0 (6.0.0 available)
  matcher 0.12.17 (0.12.18 available)
  material_color_utilities 0.11.1 (0.13.0 available)
  path_provider_android 2.2.19 (2.2.22 available)
  path_provider_foundation 2.4.2 (2.4.4 available)
  screen_retriever 0.1.9 (0.2.0 available)
  shared_preferences_android 2.4.16 (2.4.17 available)
  sqflite_common_ffi 2.3.6 (2.4.0 available)
  sqlite3 2.9.3 (3.1.0 available)
  test_api 0.7.7 (0.7.8 available)
  uuid 4.5.1 (4.5.2 available)
  window_manager 0.3.9 (0.5.1 available)
Got dependencies!
19 packages have newer versions incompatible with dependency constraints.
Try `flutter pub outdated` for more information.
Launching lib\main.dart on Windows in debug mode...
Building Windows application...                                 
lib/features/products/presentation/pages/products_page.dart(512,8): error G9FF5F72C: '_showAddProductDialog' is already declared in this scope. [C:\Users\zainc\Desktop\HCI Project\Smart-POS\build\windows\x64\flutter\flutter_assemble.vcxproj]
lib/features/products/presentation/pages/products_page.dart(527,8): error G693FE6F7: '_showEditProductDialog' is already declared in this scope. [C:\Users\zainc\Desktop\HCI Project\Smart-POS\build\windows\x64\flutter\flutter_assemble.vcxproj]
lib/features/products/presentation/pages/products_page.dart(543,8): error GAE178390: '_showDeleteConfirmation' is already declared in this scope. [C:\Users\zainc\Desktop\HCI Project\Smart-POS\build\windows\x64\flutter\flutter_assemble.vcxproj]
lib/features/products/presentation/pages/products_page.dart(570,16): error G0B890DD4: '_exportProductsToCSV' is already declared in this scope. [C:\Users\zainc\Desktop\HCI Project\Smart-POS\build\windows\x64\flutter\flutter_assemble.vcxproj]
lib/features/products/presentation/pages/products_page.dart(413,17): error G67247B7E: Expected ';' after this. [C:\Users\zainc\Desktop\HCI Project\Smart-POS\build\windows\x64\flutter\flutter_assemble.vcxproj]
lib/features/products/presentation/pages/products_page.dart(413,18): error G25387D61: Expected an identifier, but got ','. [C:\Users\zainc\Desktop\HCI Project\Smart-POS\build\windows\x64\flutter\flutter_assemble.vcxproj]
lib/features/products/presentation/pages/products_page.dart(413,18): error G5BADBE1C: Unexpected token ','. [C:\Users\zainc\Desktop\HCI Project\Smart-POS\build\windows\x64\flutter\flutter_assemble.vcxproj]
lib/features/products/presentation/pages/products_page.dart(414,42): error G67247B7E: Expected ';' after this. [C:\Users\zainc\Desktop\HCI Project\Smart-POS\build\windows\x64\flutter\flutter_assemble.vcxproj]
lib/features/products/presentation/pages/products_page.dart(414,43): error G25387D61: Expected an identifier, but got ','. [C:\Users\zainc\Desktop\HCI Project\Smart-POS\build\windows\x64\flutter\flutter_assemble.vcxproj]
lib/features/products/presentation/pages/products_page.dart(414,43): error G5BADBE1C: Unexpected token ','. [C:\Users\zainc\Desktop\HCI Project\Smart-POS\build\windows\x64\flutter\flutter_assemble.vcxproj]
lib/features/products/presentation/pages/products_page.dart(420,17): error G67247B7E: Expected ';' after this. [C:\Users\zainc\Desktop\HCI Project\Smart-POS\build\windows\x64\flutter\flutter_assemble.vcxproj]
lib/features/products/presentation/pages/products_page.dart(420,18): error G25387D61: Expected an identifier, but got ','. [C:\Users\zainc\Desktop\HCI Project\Smart-POS\build\windows\x64\flutter\flutter_assemble.vcxproj]
lib/features/products/presentation/pages/products_page.dart(420,18): error G5BADBE1C: Unexpected token ','. [C:\Users\zainc\Desktop\HCI Project\Smart-POS\build\windows\x64\flutter\flutter_assemble.vcxproj]
lib/features/products/presentation/pages/products_page.dart(425,19): error G67247B7E: Expected ';' after this. [C:\Users\zainc\Desktop\HCI Project\Smart-POS\build\windows\x64\flutter\flutter_assemble.vcxproj]
lib/features/products/presentation/pages/products_page.dart(425,20): error G25387D61: Expected an identifier, but got ','. [C:\Users\zainc\Desktop\HCI Project\Smart-POS\build\windows\x64\flutter\flutter_assemble.vcxproj]
lib/features/products/presentation/pages/products_page.dart(425,20): error G5BADBE1C: Unexpected token ','. [C:\Users\zainc\Desktop\HCI Project\Smart-POS\build\windows\x64\flutter\flutter_assemble.vcxproj]
lib/features/products/presentation/pages/products_page.dart(426,15): error G25387D61: Expected an identifier, but got ']'. [C:\Users\zainc\Desktop\HCI Project\Smart-POS\build\windows\x64\flutter\flutter_assemble.vcxproj]
lib/features/products/presentation/pages/products_page.dart(425,20): error G67247B7E: Expected ';' after this. [C:\Users\zainc\Desktop\HCI Project\Smart-POS\build\windows\x64\flutter\flutter_assemble.vcxproj]
lib/features/products/presentation/pages/products_page.dart(426,15): error G5BADBE1C: Unexpected token ']'. [C:\Users\zainc\Desktop\HCI Project\Smart-POS\build\windows\x64\flutter\flutter_assemble.vcxproj]
lib/features/products/presentation/pages/products_page.dart(426,16): error G25387D61: Expected an identifier, but got ','. [C:\Users\zainc\Desktop\HCI Project\Smart-POS\build\windows\x64\flutter\flutter_assemble.vcxproj]
lib/features/products/presentation/pages/products_page.dart(426,15): error G67247B7E: Expected ';' after this. [C:\Users\zainc\Desktop\HCI Project\Smart-POS\build\windows\x64\flutter\flutter_assemble.vcxproj]
lib/features/products/presentation/pages/products_page.dart(426,16): error G5BADBE1C: Unexpected token ','. [C:\Users\zainc\Desktop\HCI Project\Smart-POS\build\windows\x64\flutter\flutter_assemble.vcxproj]
lib/features/products/presentation/pages/products_page.dart(427,13): error G25387D61: Expected an identifier, but got ')'. [C:\Users\zainc\Desktop\HCI Project\Smart-POS\build\windows\x64\flutter\flutter_assemble.vcxproj]
lib/features/products/presentation/pages/products_page.dart(426,16): error G67247B7E: Expected ';' after this. [C:\Users\zainc\Desktop\HCI Project\Smart-POS\build\windows\x64\flutter\flutter_assemble.vcxproj]
lib/features/products/presentation/pages/products_page.dart(427,13): error G5BADBE1C: Unexpected token ')'. [C:\Users\zainc\Desktop\HCI Project\Smart-POS\build\windows\x64\flutter\flutter_assemble.vcxproj]
lib/features/products/presentation/pages/products_page.dart(427,14): error G25387D61: Expected an identifier, but got ','. [C:\Users\zainc\Desktop\HCI Project\Smart-POS\build\windows\x64\flutter\flutter_assemble.vcxproj]
lib/features/products/presentation/pages/products_page.dart(427,13): error G67247B7E: Expected ';' after this. [C:\Users\zainc\Desktop\HCI Project\Smart-POS\build\windows\x64\flutter\flutter_assemble.vcxproj]
lib/features/products/presentation/pages/products_page.dart(427,14): error G5BADBE1C: Unexpected token ','. [C:\Users\zainc\Desktop\HCI Project\Smart-POS\build\windows\x64\flutter\flutter_assemble.vcxproj]
lib/features/products/presentation/pages/products_page.dart(428,11): error G25387D61: Expected an identifier, but got ')'. [C:\Users\zainc\Desktop\HCI Project\Smart-POS\build\windows\x64\flutter\flutter_assemble.vcxproj]
lib/features/products/presentation/pages/products_page.dart(427,14): error G67247B7E: Expected ';' after this. [C:\Users\zainc\Desktop\HCI Project\Smart-POS\build\windows\x64\flutter\flutter_assemble.vcxproj]
lib/features/products/presentation/pages/products_page.dart(428,11): error G5BADBE1C: Unexpected token ')'. [C:\Users\zainc\Desktop\HCI Project\Smart-POS\build\windows\x64\flutter\flutter_assemble.vcxproj]
lib/features/products/presentation/pages/products_page.dart(508,8): error G25387D61: Expected an identifier, but got ','. [C:\Users\zainc\Desktop\HCI Project\Smart-POS\build\windows\x64\flutter\flutter_assemble.vcxproj]
lib/features/products/presentation/pages/products_page.dart(508,7): error G67247B7E: Expected ';' after this. [C:\Users\zainc\Desktop\HCI Project\Smart-POS\build\windows\x64\flutter\flutter_assemble.vcxproj]
lib/features/products/presentation/pages/products_page.dart(508,8): error G5BADBE1C: Unexpected token ';'. [C:\Users\zainc\Desktop\HCI Project\Smart-POS\build\windows\x64\flutter\flutter_assemble.vcxproj]
lib/features/products/presentation/pages/products_page.dart(509,5): error G25387D61: Expected an identifier, but got ')'. [C:\Users\zainc\Desktop\HCI Project\Smart-POS\build\windows\x64\flutter\flutter_assemble.vcxproj]
lib/features/products/presentation/pages/products_page.dart(508,8): error G67247B7E: Expected ';' after this. [C:\Users\zainc\Desktop\HCI Project\Smart-POS\build\windows\x64\flutter\flutter_assemble.vcxproj]
lib/features/products/presentation/pages/products_page.dart(509,5): error G5BADBE1C: Unexpected token ';'. [C:\Users\zainc\Desktop\HCI Project\Smart-POS\build\windows\x64\flutter\flutter_assemble.vcxproj]
lib/features/products/presentation/pages/products_page.dart(411,19): error GC6690633: No named parameter with the name 'size'. [C:\Users\zainc\Desktop\HCI Project\Smart-POS\build\windows\x64\flutter\flutter_assemble.vcxproj]
lib/features/products/presentation/pages/products_page.dart(433,22): error G4127D1E8: The getter 'filteredProducts' isn't defined for the type '_ProductsPageState'. [C:\Users\zainc\Desktop\HCI Project\Smart-POS\build\windows\x64\flutter\flutter_assemble.vcxproj]
lib/features/products/presentation/pages/products_page.dart(435,29): error G4127D1E8: The getter 'filteredProducts' isn't defined for the type '_ProductsPageState'. [C:\Users\zainc\Desktop\HCI Project\Smart-POS\build\windows\x64\flutter\flutter_assemble.vcxproj]
lib/features/products/presentation/pages/products_page.dart(471,27): error G4127D1E8: The getter 'isAdmin' isn't defined for the type '_ProductsPageState'. [C:\Users\zainc\Desktop\HCI Project\Smart-POS\build\windows\x64\flutter\flutter_assemble.vcxproj]
lib/features/products/presentation/pages/products_page.dart(431,25): error G44692867: A value of type 'ListView' can't be returned from an async function with return type 'Future<void>'. [C:\Users\zainc\Desktop\HCI Project\Smart-POS\build\windows\x64\flutter\flutter_assemble.vcxproj]
C:\Program Files\Microsoft Visual Studio\2022\Community\MSBuild\Microsoft\VC\v170\Microsoft.CppCommon.targets(254,5): error MSB8066: Custom build for 'C:\Users\zainc\Desktop\HCI Project\Smart-POS\build\windows\x64\CMakeFiles\2aad4af9402cd69ec5006b436361d689\flutter_windows.dll.rule;C:\Users\zainc\Desktop\HCI Project\Smart-POS\build\windows\x64\CMakeFiles\7e92b7a80a920ace5120e34457324b7a\flutter_assemble.rule' exited with code 1. [C:\Users\zainc\Desktop\HCI Project\Smart-POS\build\windows\x64\flutter\flutter_assemble.vcxproj]
Building Windows application...                                    19.6s
Error: Build process failed.
